Nidhi Vedantam
2328859
vedantam@chapman.edu

the sum: 32
The mean: 6.4
The variance is: 0.64
The standard deviation is: 0.8

probability of A: 0.25
probability of C: 0.25
probability of T: 0.25
probability of G: 0.25

probability of AA: 0.0625
probability of AC: 0.0625
probability of AT: 0.0625
probability of AG: 0.0625

probability of CA: 0.0625
probability of CC: 0.0625
probability of CT: 0.0625
probability of CG: 0.0625

probability of GA: 0.0625
probability of GC: 0.0625
probability of GT: 0.0625
probability of GG: 0.0625

probability of TA: 0.0625
probability of TC: 0.0625
probability of TT: 0.0625
probability of TG: 0.0625

1000 strings: 
GAGCGGC
CGTTCCC
ATTCGC
TCCAATTTG
CCTAAGC
ATACGGTT
GGAAGCCAC
TAGGCAT
CCGAGGG
TTGCTGTC
GGCGTCG
GAAGTTAGG
GCACCC
TGTACTTG
TAGAACTC
ATTAACCG
CCTATG
CCCGACTA
TCGCTTCCT
TATATGC
GACCACC
CTACACA
GTAAGA
GGGTACGAC
TGCTGAT
AACGCCTC
AAATCG
CCCATAA
ACTAACTG
TTTCGCC
TGGGGTTA
GCTGCGGG
ACTGAGA
TACACGA
TATAGAAC
TACCCGTA
TGGCGGTTC
AGCCGAG
GAGACCTG
TTGCTT
GGAATAAT
TCAAAGA
CGTATGC
CACCCGT
TCACGGCGA
GTGGATG
TCCTAA
CCCCTA
GCCACAA
CTTCCCG
ACCTGCC
ACTCGTGG
CCGGCCTC
CTAATGAG
TGCGCAT
ATAGACC
TGCCGCT
CGTCAGA
GAGATGT
ACGGCTT
AATCCAT
CGTTTCG
GTATCATA
GTCTGGTT
CTTAGTC
GGGGTAAT
CTCACCT
AGAAACC
CGAATTAG
CAGGATTC
CCCTAATC
ACGTTAGT
AGAGACGT
GTCTAAG
TGAACGA
CGTCTCAG
ACTTGTCAT
GGTATAC
GAGCCA
TGGGTTC
AACCGGA
TCCCGTG
CCCTATACAG
ATCGGCGTT
CCAATATC
TCTGTAA
CATCAGAGA
GGGATT
AAAAACA
TGACGC
AGCCAGTC
TCCATGGGA
GGGAGAA
TGCCGAAT
GTGGGTG
CGATTTG
GGCGGAG
GACCAGC
CCCGAA
AATCTAAG
GCCTTTCA
GGAGGGGG
GGGTTTA
TGGGGATCTC
GGTTTCAAG
CGAGCCC
GTTTTTCA
TGGATTA
TGTGTCCT
GGTGCT
ATATGT
ACTTGCTAT
ACTCTT
CATACGGCT
AGGGACTT
GGACGCT
TTTCAGT
CCGTGACA
TCATAGCT
GGACCAT
TATAGCAT
TAAAGGG
TTACGGA
CTGGGCAC
GTTAAGCAA
GGCAACT
AAAGAGC
TCTGCGG
TGTCTAT
TGGGCGTC
CGACAG
CCGAGTC
TCACTTA
TAACGCA
GTTCGAC
AATAAT
AGAAACGT
CACGGG
GTCCGCAA
TAAGTGT
CGAACAAT
TCGATGT
GTTCACTG
TGACGAC
GTGTACCCC
GCAACCTA
GCAGCAT
TATTCTC
GATACACT
CTGATATC
GGGTCG
CCTGCGAG
AGCCTCA
TATCTCC
GAAGGCA
TACTCCG
GATGCC
GAGGGAT
GAAGCT
TGTTGCCT
ATGATGC
TAGCTTA
AGCGTCA
AGGAGAC
GCAAGTTG
GACTTAT
CCGCACAT
TAAGAT
CACATGG
ATTAGCC
ACTGAGG
TTATCCGT
TGGACGAC
TCTGTTA
GCCGCG
GGGATGC
CTTTATT
GGGCATTC
GCAAGTCG
AATTAGCG
GATTCCGT
CAGGCCCC
TCTCTAC
TATAGGCAC
CGCTTCG
ATGATAG
CTTATTG
TGATAGT
GACGCCGA
CTTCTGC
CTATGA
TGGTAAA
CTAAATTA
TCGTCATC
AAATAC
CTTCATCTC
TTAAATGTGC
GAATTCCT
TGTCCCAT
GCTCACA
GGAGCCCAG
CCGTAAT
GCACGA
ACACGAGAT
GCGGCCC
TGTCTCG
GCGACGAA
ATCAAGT
TCCAGC
ACAATATG
CAGGCTAAT
TGTGTGTT
CCAGGAT
TGGATGTCC
CATAGCCA
CCAACTA
CTGCTGTC
GAGAGTGT
TCATGAG
GACGTC
GCCACCG
AGTTGGG
GGTACAG
CTCGCCT
TGTTCCT
ATCCCTTG
CCATGTAA
GCCAGC
TTATCGA
ATCCGCC
TATACG
AGCTGGGG
CAGACGCA
TTAATCAG
ACAGTA
CGCGATC
TCGGACT
AGAGT
GTATCAT
CCCTGTAC
CCTATTC
ACCTCGTC
CCGTG
CAGTATTG
GTCACCCGT
TTAGGAAC
CATAGCA
GATTAAAA
AGGACA
CACACGT
CAGT
CTTGATA
TGTATCA
CTGCCGTC
GAGTCCC
ATAGGGC
TGCACA
CCTCCCAA
ATTTGAA
GTATAGA
GACCAGA
GGGCGCTGG
GGAACC
CAGTAACC
GGGACGT
TAAAAGGG
TCCACTCA
ATTTAG
GGTCTGTTC
GCATCCC
TGTCGAAG
CCTTCAAT
TGTGAGG
GGCTCGT
AGTTTTAA
GAAGGCCA
CATCTCAC
GATATCT
GACTTCC
CCCCCGG
TATGAGT
TCACTTG
AGCCGATC
AATTCGA
CGCTTCGC
AGCGGCG
ACCTCTTG
ATTAAT
TCACTTCA
GTACCCC
TACCCAT
ACCTGATG
GATCAA
TTGTGATC
GAAAGAG
ATGAATA
CTCGAC
AAGACGAT
CCCCTC
CACGAAC
ACTTCCT
CTGCAA
ATGTTT
TCTCGT
GACATGTCG
AACGGGA
GATCTTGG
TAGGACTC
CCATATTT
GTGCTGT
GCCCT
ACTGGA
CAACTGTT
CTGATCCC
AGGTGAT
GGGGGGA
AACTTTC
TTGTCCAA
AGGATTCC
TCCTATCGG
GCTTCTGG
GGGTTA
TTAGGCT
GGCACCC
GTCACGC
ACCTGAAC
GGCGACT
ATGCAGAAG
GTGCTCG
CTACCTT
ATTCC
CGTGCC
GTAATACT
GTCGGG
TCTCCGA
AGAAAAGC
CGAAAAGT
AAGCGG
ATTAAATC
ATCTCAA
GTGCTTC
ACGGTG
TTTCCAGT
GGGTGC
TGACCTTA
ACCATCCGA
AAGGGAGG
TCATGCTTC
CCCAGGCTA
AATTAAT
AGGGCCT
GATGTACG
AGATAGC
GATTTCAGA
CACACTTGC
GGGTCAT
TCTGCA
GGTCCTGG
TATAACGA
GGCGTGTG
GTGACAAC
ACTGTAA
CTATCG
ATTGTGTA
CTACGTCA
GCAAGTG
TGACTA
CGAAACAA
CAGAGATTT
CATCCCTG
GCTGAA
CGTCATC
TAATAAAA
TCATCGC
AATTCAT
CTAGCTC
AATGGAC
GCCGAAG
GAATTGAG
CCTTTCA
AGGGGGCGT
TTAGCTGT
ATGTGCAC
CCCGCGAG
GATATCCC
GTCGTTGTG
GTAGCAG
CTTGGCA
TGGGTCTC
GTGTTTC
GCCAAATC
TATATCC
TAAGATT
TCTAGTCC
TATGCAC
TCCGAGT
CACTTTT
CCGTAAGTA
CCTACTCA
CAGCGC
CACCAATG
CCACGCCA
GACCGAA
TTATCTGT
AACGGGCAC
TAGGGT
ACAACTTC
ATGATCGC
ATTGCCA
CATAAGAG
ACTATCG
GCGATCGC
TGAGTTTG
TGACATG
TAATCAGG
TCTTCG
GCGGGGT
CTACGG
CAGTGCCA
GCAAGC
GACTAAT
CATCCGGA
ACTTGTC
TACAACT
TCTAAC
GTAAGCG
ATGCCAT
CTGCTTG
TCGAAC
TGTCCCA
GCAAACAT
AGGGCATA
AGGGAAT
AGTATAGTCC
CGCGCAG
AACGAGCC
CTTAGGGCG
ACGAAGAT
TAGATTC
TTGCTTG
AGTAACTG
CTATTATAA
GTCTTAG
TTAATGAC
TTTCAAA
CCATGCCA
CTAAACA
CATTAGT
TCGCATAT
GGAGGCGA
TAGACAG
TTTTAAG
CTGGGTT
CCCGCGTT
CGGCCAA
GAGCCGA
ACCTGCG
ACACCAG
AATCACGG
CGCTCGG
TCGGCACT
GTGACGTA
GAAGAAT
GATGAAC
CCCCAGAAT
CGAACTGT
ATTCTCT
TGTCTGC
AGTAGCGA
GCTGGG
ACGGGT
GGCTCGAT
TAAAGCC
CGTTTC
GTTGAAA
TATGAAATG
CTACTCGC
CTGATAT
TCCCCAG
GATTCTGT
CCCGGCT
AGACAAA
ACCTAGAGA
GAGTTGT
AGTCAAG
GTAGGT
CTAATCCT
AACAAACAG
TGCAAATC
TAACGTA
AGGCCCA
TCGAGAGC
GGGGTA
TCTGATT
TCCTGCCTA
TAGGCTG
TAGTGGGG
CTTGAAC
CGATTCA
AAGCACG
CGTACGC
TACCATCA
CGGCAGTA
TCTGT
ATTTTA
AAGCAAA
TTCGCGT
ACAGAAA
GGACTGAG
TCGAGAT
GTCTAA
TCCCTCA
GAACGTT
TGTGTCC
GTGTT
TAGTTTCG
CACATCA
TTGTATA
CCCAGC
TTGGCCGA
ATAATCG
ATCATCA
CCGCCGC
CCTCTAC
GAGAAAAA
ACTACTCTG
TTGTCC
TGCTGAGA
GACGCGT
GGATGCCA
TAAACCGT
ACGGA
GGTCTGC
GCCATGC
CCGCACAGA
CTCTATC
TACTCCA
GGTCGGC
CACGAGAG
AGTCCTAT
TGTTCC
CTCATTG
TTGAGTA
TGAGAGT
TTAAGTC
TCATTGG
TCAATCA
TAATCCCC
GTCGTTC
GCGCGGA
GCTGGC
GCCCGATG
AGAAGAGG
CCCAAA
TAGGGACG
CCACGTA
CTCTGT
AGAAAG
GAAAGAAG
TTGGCCTA
CCTCTGAC
CAAGGAT
CTACTACT
TACGGGA
CTGCCGA
CTAGCACC
ATGAGCTC
GCGGGT
CCCGTGT
CGTTCCATT
ACTCCCGT
CCTCCACC
CAATTGTTT
TTTATTCC
CAAATTACT
GGAGGTACC
CTAGGTT
AAATCA
CCAAAATC
CACATTA
AGCACAT
GGCGGGTC
GTACGTGA
ATGACAGT
AGTGTGCCC
CCCAGCA
GATTGTC
TCCGCCTC
ACTTCGCA
TTGTGAAC
TGATGAG
AAGATGCA
TCTCTGC
CCGTGAA
TGCCTTTT
TGCCAT
GAGCCGCA
TATCGTG
ATGTCGG
GGGGTGC
ATGTCGCA
ACAAAGCA
ACTCATGC
TCACGGGT
ACTTGAT
CGCGATC
GGTTTGAAA
CTAAAT
GGACCCTCT
GTACATT
GAGCCCA
GCGAAGG
GGATAAAAC
GGGCATG
GTTGTGG
AGCCCC
TTTGGCAT
AGGGAGT
TGGCGT
ACATCCCAA
TGAAATGC
CCTATATT
TCAGTCG
GGCGT
AGTTAGC
GTAATTGC
ATGTCGG
TTACCCG
GGCCGCCG
CGGAAGT
AGAGTAA
TGCGCTAA
AGAGGAAC
AGCATTAC
AGTTGGGCCT
TCCGGCC
AATTTCTG
GAAGCT
GCACCC
CTTACTG
CGCATTTCC
GCTTCTTCT
AAGTAAT
TACGACGT
ATACGAT
CCTGAATG
ACACGT
CTTACTT
TCCATCCG
CCGTTAG
GCCCGCG
TCCCGCGG
GTTGAGT
AACGCTCG
GACCCCTTA
GCCAGAAC
ACAGCCG
TACAGGGT
AGTACCGTC
GGCTCTC
GGTCCTT
GTACC
TTGTAC
TCTCGCA
GCTGATA
GGCTATGA
AATTCTTC
CACGTCCC
CGTCAGG
CATCATT
CATTCAA
CGAGCAGA
GGGGGCCT
GACATTGA
AAACCAGG
TTTTTAC
ATCACAG
CAAATCG
CCTAAGG
GAGTCTA
ATGCTAT
CGAGGTA
GGTGGGG
CCAAGCA
AGCGGTG
ACCAGGC
ACGAACAC
CGCTAGG
CATCTAA
CCTGCTA
TCATCAA
TCCACTA
GCTCTTG
AAGCGC
TAGTACA
AGCACAG
AAGCTAT
GCAATGT
AAGAATA
CTACCG
TGGTGAT
CTCAACA
GACTATG
CCATTGC
AAAAGACA
GGTTCGC
GATAGT
TTCAGCA
GGGGGAA
CGGATTT
TGAATCTTG
ACGTTGTC
AGAAGTA
TTTTGGT
CAGAGGGT
ATATAAA
CAGATTC
CCGGCTCC
TTGATGGT
CGACCTTG
ACTATAAA
GGGCATAC
GAGGCCTT
GGTGTCG
GGCCGT
GCAGCA
AAGGGGA
AGCTAGCA
GATTCTGT
GTGGTAAG
AGTGAGGGC
TGGCAAAG
CTGAAAGTA
TTTAAC
AACATGGT
TTCTTAGA
GATGCAGG
GGTAATT
GCCAGATA
GATGCTG
GTGTTTCA
TACTACC
ACGGAAC
CGATTTAC
CGTTTGA
AGCACTTC
CACCTAA
CAGCTCCA
CTGCGAATC
GAACACCA
ACGGGTCT
ACTAAGAC
TAAAGAC
TTAACA
GACTGTCT
CCGTCGA
AACCCATC
CTAAACAT
AGTGGTC
CCTCTAT
CCTCACTA
ACCCCC
AGGACAGA
CTGCGAG
GCAATAAG
TGCATTC
ATGTCATT
CTCGGGTG
CCGCTC
CCATCTTC
GTAGAGG
AGCAACCCT
GGCTTCAGA
AGTCATCA
GATAGTA
AGGGGGA
CTGGTCCA
TATTTAA
CGGGCA
ACATATCA
GTATATCC
CCCAGAA
CTTTGCG
GGGCGGAAA
CGCCGAAGG
ATGGGC
ATGAATT
TTCTAA
CGATAGT
AACCGTA
TCGCGTTTG
CTAATTCT
TCTTGAGC
AGAACTTG
TGGCTAC
GGGCAAAA
ACTACG
GGTCTTTC
GACGGCCG
TATGCCCT
CTGGAAAA
CGCGAAT
TAATC
GGCTGACC
CACGTG
ACGTCGGGA
GTACG
TGAATTGA
CAGTACCC
GTTAACTC
ACCCAGCGT
AACTTATC
CTTTGGGG
ACCGCGG
TAAAAGT
AAGTGCG
AGCCCG
GCTACAC
GTTAACC
TCCTATAT
CTTAAACCG
CACAGAAA
CAATCAAG
GGTTCCGCC
CCGTCGT
GTTATATT
GCATGTG
GTTCGAC
TAACATAT
ATTGAG
ACTTGAG
ATTTAT
GGTAACTG
CGGTCTGA
TTGTATT
GCATAAGC
GGAGAGC
GGCCTC
GTTTCAG
TACGACC
CTTCC
TTGATAAC
CGTATC
GGGATCC
CGTAAACC
GCCGGCCA
TGAACTA
CTGTCAGAG
GTGCGG
CACTCCC
CTTCGAAA
CTAGTCCG
ATATTCGG
CTGTGGCG
CCCATCCA
TTGCCC
GCAGGATCG
AAAGCATC
ATTCAG
TAAACGTC
GTAAGGT
GGTATGT
TGATGA
AGTTT
GCTAGATT
TATGGGG
TAAGTTC
AACCGTTT
CGTTGTAC
TTTCCT
CACCTGGT
GAGTGCGA
AGCTTTA
CGCTCGGTC
CTAAGCAG
CACTCC
TCCATCA
TCTTACGC
GGGCAAAC
TGTTGCAA
ATAGCCGT
CGTAGAA
TCTTTAC
TGTACTA
GGTAGAAG
TGACAT
CGGAAT
TGGTCCAG
TTGGCGT
CTACAAAC
TTGTAAA
TCTTCTT
GTCGTTA
CTTCCT
CGCAATAGC
GTAATCA
CATCCTT
GAGGAAT
ACAGGAGA
TTCACCGT
CAGGCCG
ATTTTCCAC
TGAACTCA
TAGTGA
AACGTAGTG
TTCCGCT
CGGAGTCG
ATGTGAA
TCCCTCA
AAGTTGATA
AGACACC
AGGAGTGA
CACCAAA
GCTTTGAG
GAATAG
TGAGTTAG
TGGTTTC
GGGAGGG
TGTATGT
TTGGCCT
TCATAAA
ATAAAG
AACTATC
CCTCGCTA
ATTTAG
AACTATT
ACCAAAGT
AACTGGC
ATGTGCC
CGATTGC
TCACCGG
CGCATG
AATAAGCA
GCTGTT
TTCACCTA
TCCGGGCT
TGGATAG
AGTGTCT
GCTAAGC
GCAGCCAT
AGGATAC
AGTTGAG
CCTAAGT
TTCACAC
ATCATC
GCACGAC
ACCAAAC
CGACTG
TTGCTTC
ACCCTCA
CTTGGTC
TTGTAGAA
TGGAACA
ACTTTGA
GCCCGTT
AGACCGT
TACGCAC
GCTTGGA
CCGGTAT
CAGATAC
ACAAGAT
GAGTTGGC
TCCACCTAG
TTACTG
TCATTT
AAGTGGA
AAGTACGG
TTCGACG
AAACCTC
AAAAGTG
TTACTAC
CTAGGCAT
TGGGTAAA
AATCGA
TAGGGACC
TGAACTG
TAAGTGGA
CTATCCAA
GTGGCTC
GGTCAATG
ATCTTAT
GCACATTC
GTCTATCC
AGGTCAGG
TCTCTATG
GCAGTGAA
GGTCTTTT
TGGCATA
GTGTACCA
CAGCCTGG
ACTCCTA
GCAAGCTA
GAGATAC
CCAACCC
CAAGGGCT
ATTACGT
AAAATAGC
TGAATAA
AGACGCAA
ACTAGCATT

